C51 COMPILER V9.60.0.0   MAIN                                                              03/20/2022 11:29:06 PAGE 1   


C51 COMPILER V9.60.0.0, COMPILATION OF MODULE MAIN
OBJECT MODULE PLACED IN .\Objects\Main.obj
COMPILER INVOKED BY: D:\Keil\C51\BIN\C51.EXE Main.c OPTIMIZE(8,SPEED) BROWSE DEBUG OBJECTEXTEND PRINT(.\Listings\Main.ls
                    -t) TABS(2) OBJECT(.\Objects\Main.obj)

line level    source

   1          #include <at89c5131.h>
   2          #include "lcd.h"     //Header file with LCD interfacing functions
   3          #include "MorseCode.h" //Header file for Morse Code
   4          
   5          sbit LED = P1 ^ 7;
   6          sbit p1_0 = P1 ^ 0;
   7          sbit p1_1 = P1 ^ 1;
   8          sbit p1_2 = P1 ^ 2;
   9          sbit p1_3 = P1 ^ 3;
  10          
  11          
  12          /*
  13          Port P0.7 is used for the audio signal output
  14          */
  15          // Main function
  16          
  17          void main(void)
  18          {
  19   1      
  20   1        // Call initialization functions
  21   1        lcd_init();
  22   1      
  23   1        // Read input nibble here
  24   1        P1 = 0x0F;
  25   1      
  26   1        // Insert Priority Logic
  27   1        if (p1_0)
  28   1        {
  29   2          lcd_write_string("A");
  30   2          morse_a();
  31   2        }
  32   1        else if (p1_1)
  33   1        {
  34   2          lcd_write_string("B");
  35   2          morse_b();
  36   2        }
  37   1        else if (p1_2)
  38   1        {
  39   2          lcd_write_string("C");
  40   2          morse_c();
  41   2        }
  42   1        else if (p1_3)
  43   1        {
  44   2          lcd_write_string("D");
  45   2          morse_d();
  46   2        }
  47   1        else
  48   1        {
  49   2          lcd_write_string("E");
  50   2          morse_e();
  51   2        }
  52   1        while(1);
  53   1      
  54   1        // Inside each condition, call the functions from MorseCode.h. Fill functions in MorseCode.h
C51 COMPILER V9.60.0.0   MAIN                                                              03/20/2022 11:29:06 PAGE 2   

  55   1      
  56   1        // Write to LCD using function lcd_write_string() in side the condition as well
  57   1      
  58   1        //
  59   1      }


MODULE INFORMATION:   STATIC OVERLAYABLE
   CODE SIZE        =    398    ----
   CONSTANT SIZE    =     10    ----
   XDATA SIZE       =   ----    ----
   PDATA SIZE       =   ----    ----
   DATA SIZE        =   ----       3
   IDATA SIZE       =   ----    ----
   BIT SIZE         =   ----    ----
END OF MODULE INFORMATION.


C51 COMPILATION COMPLETE.  0 WARNING(S),  0 ERROR(S)
